<?xml version="1.0" encoding="UTF-8"?>
<!-- Generated by org.testng.reporters.JUnitReportReporter -->
<testsuite hostname="Dheekshu" failures="0" tests="13" name="com.test.SpiceJetTest" time="354.933" errors="0" timestamp="2024-03-24T21:40:36 IST" skipped="0">
  <testcase classname="com.test.SpiceJetTest" name="signUp_TC01" time="59.345"/>
  <testcase classname="com.test.SpiceJetTest" name="signUp_MandCheck_TC02" time="17.240"/>
  <testcase classname="com.test.SpiceJetTest" name="login_Email_TC03" time="20.930"/>
  <testcase classname="com.test.SpiceJetTest" name="login_Mobile_TC04" time="17.151"/>
  <testcase classname="com.test.SpiceJetTest" name="pageFieldValidation_TC05" time="5.346"/>
  <testcase classname="com.test.SpiceJetTest" name="oneWayFlight_TC06" time="64.860"/>
  <testcase classname="com.test.SpiceJetTest" name="roundTripFlight_TC07" time="66.262"/>
  <testcase classname="com.test.SpiceJetTest" name="login_IncorrectEmail_TC08" time="19.441"/>
  <testcase classname="com.test.SpiceJetTest" name="login_IncorrectMobile_TC09" time="16.936"/>
  <testcase classname="com.test.SpiceJetTest" name="login_IncorrectPassword_TC10" time="18.184"/>
  <testcase classname="com.test.SpiceJetTest" name="login_mandMobileInput_TC11" time="15.575"/>
  <testcase classname="com.test.SpiceJetTest" name="login_mandEmailInput_TC12" time="17.051"/>
  <testcase classname="com.test.SpiceJetTest" name="login_mandPaswrdInput_TC13" time="16.612"/>
</testsuite> <!-- com.test.SpiceJetTest -->
